
*** Running vivado
    with args -log system_axi_uartlite_0_0.vds -m64 -product Vivado -mode batch -messageDb vivado.pb -notrace -source system_axi_uartlite_0_0.tcl


****** Vivado v2023.2 (64-bit)
  **** SW Build 4029153 on Fri Oct 13 20:13:54 MDT 2023
  **** IP Build 4028589 on Sat Oct 14 00:45:43 MDT 2023
  **** SharedData Build 4025554 on Tue Oct 10 17:18:54 MDT 2023
    ** Copyright 1986-2022 Xilinx, Inc. All Rights Reserved.
    ** Copyright 2022-2023 Advanced Micro Devices, Inc. All Rights Reserved.

source system_axi_uartlite_0_0.tcl -notrace
INFO: [IP_Flow 19-6924] IPCACHE: Running cache check for IP inst: system_axi_uartlite_0_0
Command: synth_design -top system_axi_uartlite_0_0 -part xc7a35ticsg324-1L -incremental_mode off -mode out_of_context
Starting synth_design
Attempting to get a license for feature 'Synthesis' and/or device 'xc7a35ti'
INFO: [Common 17-349] Got license for feature 'Synthesis' and/or device 'xc7a35ti'
INFO: [Device 21-403] Loading part xc7a35ticsg324-1L
INFO: [Synth 8-7079] Multithreading enabled for synth_design using a maximum of 4 processes.
INFO: [Synth 8-7078] Launching helper process for spawning children vivado processes
INFO: [Synth 8-7075] Helper process launched with PID 558211
---------------------------------------------------------------------------------
Starting RTL Elaboration : Time (s): cpu = 00:00:03 ; elapsed = 00:00:03 . Memory (MB): peak = 2066.203 ; gain = 404.715 ; free physical = 275 ; free virtual = 21053
---------------------------------------------------------------------------------
INFO: [Synth 8-638] synthesizing module 'system_axi_uartlite_0_0' [/home/deulamco/Documents/echo_server/echo_server.gen/sources_1/bd/system/ip/system_axi_uartlite_0_0/synth/system_axi_uartlite_0_0.vhd:86]
	Parameter C_FAMILY bound to: artix7 - type: string 
	Parameter C_S_AXI_ACLK_FREQ_HZ bound to: 81247969 - type: integer 
	Parameter C_S_AXI_ADDR_WIDTH bound to: 4 - type: integer 
	Parameter C_S_AXI_DATA_WIDTH bound to: 32 - type: integer 
	Parameter C_BAUDRATE bound to: 9600 - type: integer 
	Parameter C_DATA_BITS bound to: 8 - type: integer 
	Parameter C_USE_PARITY bound to: 0 - type: integer 
	Parameter C_ODD_PARITY bound to: 0 - type: integer 
INFO: [Synth 8-3491] module 'axi_uartlite' declared at '/home/deulamco/Documents/echo_server/echo_server.gen/sources_1/bd/system/ipshared/df48/hdl/axi_uartlite_v2_0_vh_rfs.vhd:2089' bound to instance 'U0' of component 'axi_uartlite' [/home/deulamco/Documents/echo_server/echo_server.gen/sources_1/bd/system/ip/system_axi_uartlite_0_0/synth/system_axi_uartlite_0_0.vhd:162]
INFO: [Synth 8-638] synthesizing module 'axi_uartlite' [/home/deulamco/Documents/echo_server/echo_server.gen/sources_1/bd/system/ipshared/df48/hdl/axi_uartlite_v2_0_vh_rfs.vhd:2151]
INFO: [Synth 8-638] synthesizing module 'uartlite_core' [/home/deulamco/Documents/echo_server/echo_server.gen/sources_1/bd/system/ipshared/df48/hdl/axi_uartlite_v2_0_vh_rfs.vhd:1617]
INFO: [Synth 8-638] synthesizing module 'baudrate' [/home/deulamco/Documents/echo_server/echo_server.gen/sources_1/bd/system/ipshared/df48/hdl/axi_uartlite_v2_0_vh_rfs.vhd:1426]
INFO: [Synth 8-256] done synthesizing module 'baudrate' (0#1) [/home/deulamco/Documents/echo_server/echo_server.gen/sources_1/bd/system/ipshared/df48/hdl/axi_uartlite_v2_0_vh_rfs.vhd:1426]
INFO: [Synth 8-638] synthesizing module 'uartlite_rx' [/home/deulamco/Documents/echo_server/echo_server.gen/sources_1/bd/system/ipshared/df48/hdl/axi_uartlite_v2_0_vh_rfs.vhd:906]
INFO: [Synth 8-638] synthesizing module 'cdc_sync' [/home/deulamco/Documents/echo_server/echo_server.gen/sources_1/bd/system/ipshared/ef1e/hdl/lib_cdc_v1_0_rfs.vhd:106]
	Parameter INIT bound to: 1'b0 
INFO: [Synth 8-113] binding component instance 'CROSS_PLEVEL_IN2SCNDRY_IN_cdc_to' to cell 'FDR' [/home/deulamco/Documents/echo_server/echo_server.gen/sources_1/bd/system/ipshared/ef1e/hdl/lib_cdc_v1_0_rfs.vhd:514]
	Parameter INIT bound to: 1'b0 
INFO: [Synth 8-113] binding component instance 'CROSS_PLEVEL_IN2SCNDRY_s_level_out_d2' to cell 'FDR' [/home/deulamco/Documents/echo_server/echo_server.gen/sources_1/bd/system/ipshared/ef1e/hdl/lib_cdc_v1_0_rfs.vhd:545]
	Parameter INIT bound to: 1'b0 
INFO: [Synth 8-113] binding component instance 'CROSS_PLEVEL_IN2SCNDRY_s_level_out_d3' to cell 'FDR' [/home/deulamco/Documents/echo_server/echo_server.gen/sources_1/bd/system/ipshared/ef1e/hdl/lib_cdc_v1_0_rfs.vhd:554]
	Parameter INIT bound to: 1'b0 
INFO: [Synth 8-113] binding component instance 'CROSS_PLEVEL_IN2SCNDRY_s_level_out_d4' to cell 'FDR' [/home/deulamco/Documents/echo_server/echo_server.gen/sources_1/bd/system/ipshared/ef1e/hdl/lib_cdc_v1_0_rfs.vhd:564]
	Parameter INIT bound to: 1'b0 
INFO: [Synth 8-113] binding component instance 'CROSS_PLEVEL_IN2SCNDRY_s_level_out_d5' to cell 'FDR' [/home/deulamco/Documents/echo_server/echo_server.gen/sources_1/bd/system/ipshared/ef1e/hdl/lib_cdc_v1_0_rfs.vhd:574]
	Parameter INIT bound to: 1'b0 
INFO: [Synth 8-113] binding component instance 'CROSS_PLEVEL_IN2SCNDRY_s_level_out_d6' to cell 'FDR' [/home/deulamco/Documents/echo_server/echo_server.gen/sources_1/bd/system/ipshared/ef1e/hdl/lib_cdc_v1_0_rfs.vhd:584]
INFO: [Synth 8-256] done synthesizing module 'cdc_sync' (0#1) [/home/deulamco/Documents/echo_server/echo_server.gen/sources_1/bd/system/ipshared/ef1e/hdl/lib_cdc_v1_0_rfs.vhd:106]
INFO: [Synth 8-638] synthesizing module 'srl_fifo_f' [/home/deulamco/Documents/echo_server/echo_server.gen/sources_1/bd/system/ipshared/02c4/hdl/lib_srl_fifo_v1_0_rfs.vhd:777]
INFO: [Synth 8-638] synthesizing module 'srl_fifo_rbu_f' [/home/deulamco/Documents/echo_server/echo_server.gen/sources_1/bd/system/ipshared/02c4/hdl/lib_srl_fifo_v1_0_rfs.vhd:538]
INFO: [Synth 8-638] synthesizing module 'cntr_incr_decr_addn_f' [/home/deulamco/Documents/echo_server/echo_server.gen/sources_1/bd/system/ipshared/02c4/hdl/lib_srl_fifo_v1_0_rfs.vhd:134]
INFO: [Synth 8-256] done synthesizing module 'cntr_incr_decr_addn_f' (0#1) [/home/deulamco/Documents/echo_server/echo_server.gen/sources_1/bd/system/ipshared/02c4/hdl/lib_srl_fifo_v1_0_rfs.vhd:134]
INFO: [Synth 8-638] synthesizing module 'dynshreg_f' [/home/deulamco/Documents/echo_server/echo_server.gen/sources_1/bd/system/ipshared/02c4/hdl/lib_srl_fifo_v1_0_rfs.vhd:329]
INFO: [Synth 8-256] done synthesizing module 'dynshreg_f' (0#1) [/home/deulamco/Documents/echo_server/echo_server.gen/sources_1/bd/system/ipshared/02c4/hdl/lib_srl_fifo_v1_0_rfs.vhd:329]
INFO: [Synth 8-256] done synthesizing module 'srl_fifo_rbu_f' (0#1) [/home/deulamco/Documents/echo_server/echo_server.gen/sources_1/bd/system/ipshared/02c4/hdl/lib_srl_fifo_v1_0_rfs.vhd:538]
INFO: [Synth 8-256] done synthesizing module 'srl_fifo_f' (0#1) [/home/deulamco/Documents/echo_server/echo_server.gen/sources_1/bd/system/ipshared/02c4/hdl/lib_srl_fifo_v1_0_rfs.vhd:777]
INFO: [Synth 8-256] done synthesizing module 'uartlite_rx' (0#1) [/home/deulamco/Documents/echo_server/echo_server.gen/sources_1/bd/system/ipshared/df48/hdl/axi_uartlite_v2_0_vh_rfs.vhd:906]
INFO: [Synth 8-638] synthesizing module 'uartlite_tx' [/home/deulamco/Documents/echo_server/echo_server.gen/sources_1/bd/system/ipshared/df48/hdl/axi_uartlite_v2_0_vh_rfs.vhd:393]
INFO: [Synth 8-256] done synthesizing module 'uartlite_tx' (0#1) [/home/deulamco/Documents/echo_server/echo_server.gen/sources_1/bd/system/ipshared/df48/hdl/axi_uartlite_v2_0_vh_rfs.vhd:393]
INFO: [Synth 8-256] done synthesizing module 'uartlite_core' (0#1) [/home/deulamco/Documents/echo_server/echo_server.gen/sources_1/bd/system/ipshared/df48/hdl/axi_uartlite_v2_0_vh_rfs.vhd:1617]
INFO: [Synth 8-638] synthesizing module 'axi_lite_ipif' [/home/deulamco/Documents/echo_server/echo_server.gen/sources_1/bd/system/ipshared/66ea/hdl/axi_lite_ipif_v3_0_vh_rfs.vhd:2948]
INFO: [Synth 8-638] synthesizing module 'slave_attachment' [/home/deulamco/Documents/echo_server/echo_server.gen/sources_1/bd/system/ipshared/66ea/hdl/axi_lite_ipif_v3_0_vh_rfs.vhd:2341]
INFO: [Synth 8-638] synthesizing module 'address_decoder' [/home/deulamco/Documents/echo_server/echo_server.gen/sources_1/bd/system/ipshared/66ea/hdl/axi_lite_ipif_v3_0_vh_rfs.vhd:1775]
INFO: [Synth 8-638] synthesizing module 'pselect_f' [/home/deulamco/Documents/echo_server/echo_server.gen/sources_1/bd/system/ipshared/66ea/hdl/axi_lite_ipif_v3_0_vh_rfs.vhd:1534]
INFO: [Synth 8-256] done synthesizing module 'pselect_f' (0#1) [/home/deulamco/Documents/echo_server/echo_server.gen/sources_1/bd/system/ipshared/66ea/hdl/axi_lite_ipif_v3_0_vh_rfs.vhd:1534]
INFO: [Synth 8-638] synthesizing module 'pselect_f__parameterized0' [/home/deulamco/Documents/echo_server/echo_server.gen/sources_1/bd/system/ipshared/66ea/hdl/axi_lite_ipif_v3_0_vh_rfs.vhd:1534]
INFO: [Synth 8-256] done synthesizing module 'pselect_f__parameterized0' (0#1) [/home/deulamco/Documents/echo_server/echo_server.gen/sources_1/bd/system/ipshared/66ea/hdl/axi_lite_ipif_v3_0_vh_rfs.vhd:1534]
INFO: [Synth 8-638] synthesizing module 'pselect_f__parameterized1' [/home/deulamco/Documents/echo_server/echo_server.gen/sources_1/bd/system/ipshared/66ea/hdl/axi_lite_ipif_v3_0_vh_rfs.vhd:1534]
INFO: [Synth 8-256] done synthesizing module 'pselect_f__parameterized1' (0#1) [/home/deulamco/Documents/echo_server/echo_server.gen/sources_1/bd/system/ipshared/66ea/hdl/axi_lite_ipif_v3_0_vh_rfs.vhd:1534]
INFO: [Synth 8-638] synthesizing module 'pselect_f__parameterized2' [/home/deulamco/Documents/echo_server/echo_server.gen/sources_1/bd/system/ipshared/66ea/hdl/axi_lite_ipif_v3_0_vh_rfs.vhd:1534]
INFO: [Synth 8-256] done synthesizing module 'pselect_f__parameterized2' (0#1) [/home/deulamco/Documents/echo_server/echo_server.gen/sources_1/bd/system/ipshared/66ea/hdl/axi_lite_ipif_v3_0_vh_rfs.vhd:1534]
INFO: [Synth 8-256] done synthesizing module 'address_decoder' (0#1) [/home/deulamco/Documents/echo_server/echo_server.gen/sources_1/bd/system/ipshared/66ea/hdl/axi_lite_ipif_v3_0_vh_rfs.vhd:1775]
INFO: [Synth 8-226] default block is never used [/home/deulamco/Documents/echo_server/echo_server.gen/sources_1/bd/system/ipshared/66ea/hdl/axi_lite_ipif_v3_0_vh_rfs.vhd:2550]
INFO: [Synth 8-256] done synthesizing module 'slave_attachment' (0#1) [/home/deulamco/Documents/echo_server/echo_server.gen/sources_1/bd/system/ipshared/66ea/hdl/axi_lite_ipif_v3_0_vh_rfs.vhd:2341]
INFO: [Synth 8-256] done synthesizing module 'axi_lite_ipif' (0#1) [/home/deulamco/Documents/echo_server/echo_server.gen/sources_1/bd/system/ipshared/66ea/hdl/axi_lite_ipif_v3_0_vh_rfs.vhd:2948]
INFO: [Synth 8-256] done synthesizing module 'axi_uartlite' (0#1) [/home/deulamco/Documents/echo_server/echo_server.gen/sources_1/bd/system/ipshared/df48/hdl/axi_uartlite_v2_0_vh_rfs.vhd:2151]
INFO: [Synth 8-256] done synthesizing module 'system_axi_uartlite_0_0' (0#1) [/home/deulamco/Documents/echo_server/echo_server.gen/sources_1/bd/system/ip/system_axi_uartlite_0_0/synth/system_axi_uartlite_0_0.vhd:86]
WARNING: [Synth 8-6014] Unused sequential element is_read_reg was removed.  [/home/deulamco/Documents/echo_server/echo_server.gen/sources_1/bd/system/ipshared/66ea/hdl/axi_lite_ipif_v3_0_vh_rfs.vhd:2447]
WARNING: [Synth 8-6014] Unused sequential element is_write_reg was removed.  [/home/deulamco/Documents/echo_server/echo_server.gen/sources_1/bd/system/ipshared/66ea/hdl/axi_lite_ipif_v3_0_vh_rfs.vhd:2448]
WARNING: [Synth 8-7129] Port Address_In_Erly[2] in module address_decoder is either unconnected or has no load
WARNING: [Synth 8-7129] Port Address_In_Erly[3] in module address_decoder is either unconnected or has no load
WARNING: [Synth 8-7129] Port Bus_RNW in module address_decoder is either unconnected or has no load
WARNING: [Synth 8-7129] Port S_AXI_WSTRB[3] in module slave_attachment is either unconnected or has no load
WARNING: [Synth 8-7129] Port S_AXI_WSTRB[2] in module slave_attachment is either unconnected or has no load
WARNING: [Synth 8-7129] Port S_AXI_WSTRB[1] in module slave_attachment is either unconnected or has no load
WARNING: [Synth 8-7129] Port S_AXI_WSTRB[0] in module slave_attachment is either unconnected or has no load
WARNING: [Synth 8-7129] Port prmry_aclk in module cdc_sync is either unconnected or has no load
WARNING: [Synth 8-7129] Port prmry_resetn in module cdc_sync is either unconnected or has no load
WARNING: [Synth 8-7129] Port prmry_vect_in[31] in module cdc_sync is either unconnected or has no load
WARNING: [Synth 8-7129] Port prmry_vect_in[30] in module cdc_sync is either unconnected or has no load
WARNING: [Synth 8-7129] Port prmry_vect_in[29] in module cdc_sync is either unconnected or has no load
WARNING: [Synth 8-7129] Port prmry_vect_in[28] in module cdc_sync is either unconnected or has no load
WARNING: [Synth 8-7129] Port prmry_vect_in[27] in module cdc_sync is either unconnected or has no load
WARNING: [Synth 8-7129] Port prmry_vect_in[26] in module cdc_sync is either unconnected or has no load
WARNING: [Synth 8-7129] Port prmry_vect_in[25] in module cdc_sync is either unconnected or has no load
WARNING: [Synth 8-7129] Port prmry_vect_in[24] in module cdc_sync is either unconnected or has no load
WARNING: [Synth 8-7129] Port prmry_vect_in[23] in module cdc_sync is either unconnected or has no load
WARNING: [Synth 8-7129] Port prmry_vect_in[22] in module cdc_sync is either unconnected or has no load
WARNING: [Synth 8-7129] Port prmry_vect_in[21] in module cdc_sync is either unconnected or has no load
WARNING: [Synth 8-7129] Port prmry_vect_in[20] in module cdc_sync is either unconnected or has no load
WARNING: [Synth 8-7129] Port prmry_vect_in[19] in module cdc_sync is either unconnected or has no load
WARNING: [Synth 8-7129] Port prmry_vect_in[18] in module cdc_sync is either unconnected or has no load
WARNING: [Synth 8-7129] Port prmry_vect_in[17] in module cdc_sync is either unconnected or has no load
WARNING: [Synth 8-7129] Port prmry_vect_in[16] in module cdc_sync is either unconnected or has no load
WARNING: [Synth 8-7129] Port prmry_vect_in[15] in module cdc_sync is either unconnected or has no load
WARNING: [Synth 8-7129] Port prmry_vect_in[14] in module cdc_sync is either unconnected or has no load
WARNING: [Synth 8-7129] Port prmry_vect_in[13] in module cdc_sync is either unconnected or has no load
WARNING: [Synth 8-7129] Port prmry_vect_in[12] in module cdc_sync is either unconnected or has no load
WARNING: [Synth 8-7129] Port prmry_vect_in[11] in module cdc_sync is either unconnected or has no load
WARNING: [Synth 8-7129] Port prmry_vect_in[10] in module cdc_sync is either unconnected or has no load
WARNING: [Synth 8-7129] Port prmry_vect_in[9] in module cdc_sync is either unconnected or has no load
WARNING: [Synth 8-7129] Port prmry_vect_in[8] in module cdc_sync is either unconnected or has no load
WARNING: [Synth 8-7129] Port prmry_vect_in[7] in module cdc_sync is either unconnected or has no load
WARNING: [Synth 8-7129] Port prmry_vect_in[6] in module cdc_sync is either unconnected or has no load
WARNING: [Synth 8-7129] Port prmry_vect_in[5] in module cdc_sync is either unconnected or has no load
WARNING: [Synth 8-7129] Port prmry_vect_in[4] in module cdc_sync is either unconnected or has no load
WARNING: [Synth 8-7129] Port prmry_vect_in[3] in module cdc_sync is either unconnected or has no load
WARNING: [Synth 8-7129] Port prmry_vect_in[2] in module cdc_sync is either unconnected or has no load
WARNING: [Synth 8-7129] Port prmry_vect_in[1] in module cdc_sync is either unconnected or has no load
WARNING: [Synth 8-7129] Port prmry_vect_in[0] in module cdc_sync is either unconnected or has no load
WARNING: [Synth 8-7129] Port scndry_resetn in module cdc_sync is either unconnected or has no load
WARNING: [Synth 8-7129] Port bus2ip_cs in module uartlite_core is either unconnected or has no load
---------------------------------------------------------------------------------
Finished RTL Elaboration : Time (s): cpu = 00:00:04 ; elapsed = 00:00:05 . Memory (MB): peak = 2155.172 ; gain = 493.684 ; free physical = 299 ; free virtual = 20342
---------------------------------------------------------------------------------
---------------------------------------------------------------------------------
Start Handling Custom Attributes
---------------------------------------------------------------------------------
---------------------------------------------------------------------------------
Finished Handling Custom Attributes : Time (s): cpu = 00:00:04 ; elapsed = 00:00:05 . Memory (MB): peak = 2170.016 ; gain = 508.527 ; free physical = 286 ; free virtual = 20329
---------------------------------------------------------------------------------
---------------------------------------------------------------------------------
Finished RTL Optimization Phase 1 : Time (s): cpu = 00:00:04 ; elapsed = 00:00:05 . Memory (MB): peak = 2170.016 ; gain = 508.527 ; free physical = 286 ; free virtual = 20329
---------------------------------------------------------------------------------
Netlist sorting complete. Time (s): cpu = 00:00:00.01 ; elapsed = 00:00:00.01 . Memory (MB): peak = 2175.953 ; gain = 0.000 ; free physical = 265 ; free virtual = 20309
INFO: [Netlist 29-17] Analyzing 6 Unisim elements for replacement
INFO: [Netlist 29-28] Unisim Transformation completed in 0 CPU seconds
INFO: [Project 1-570] Preparing netlist for logic optimization

Processing XDC Constraints
Initializing timing engine
Parsing XDC File [/home/deulamco/Documents/echo_server/echo_server.gen/sources_1/bd/system/ip/system_axi_uartlite_0_0/system_axi_uartlite_0_0_ooc.xdc] for cell 'U0'
Finished Parsing XDC File [/home/deulamco/Documents/echo_server/echo_server.gen/sources_1/bd/system/ip/system_axi_uartlite_0_0/system_axi_uartlite_0_0_ooc.xdc] for cell 'U0'
Parsing XDC File [/home/deulamco/Documents/echo_server/echo_server.gen/sources_1/bd/system/ip/system_axi_uartlite_0_0/system_axi_uartlite_0_0_board.xdc] for cell 'U0'
Finished Parsing XDC File [/home/deulamco/Documents/echo_server/echo_server.gen/sources_1/bd/system/ip/system_axi_uartlite_0_0/system_axi_uartlite_0_0_board.xdc] for cell 'U0'
Parsing XDC File [/home/deulamco/Documents/echo_server/echo_server.gen/sources_1/bd/system/ip/system_axi_uartlite_0_0/system_axi_uartlite_0_0.xdc] for cell 'U0'
Finished Parsing XDC File [/home/deulamco/Documents/echo_server/echo_server.gen/sources_1/bd/system/ip/system_axi_uartlite_0_0/system_axi_uartlite_0_0.xdc] for cell 'U0'
Parsing XDC File [/home/deulamco/Documents/echo_server/echo_server.runs/system_axi_uartlite_0_0_synth_1/dont_touch.xdc]
Finished Parsing XDC File [/home/deulamco/Documents/echo_server/echo_server.runs/system_axi_uartlite_0_0_synth_1/dont_touch.xdc]
Completed Processing XDC Constraints

Netlist sorting complete. Time (s): cpu = 00:00:00 ; elapsed = 00:00:00 . Memory (MB): peak = 2310.766 ; gain = 0.000 ; free physical = 358 ; free virtual = 20002
INFO: [Project 1-111] Unisim Transformation Summary:
  A total of 6 instances were transformed.
  FDR => FDRE: 6 instances

Constraint Validation Runtime : Time (s): cpu = 00:00:00.02 ; elapsed = 00:00:00.01 . Memory (MB): peak = 2310.801 ; gain = 0.000 ; free physical = 343 ; free virtual = 19984
INFO: [Designutils 20-5008] Incremental synthesis strategy off
---------------------------------------------------------------------------------
Finished Constraint Validation : Time (s): cpu = 00:00:08 ; elapsed = 00:00:08 . Memory (MB): peak = 2310.801 ; gain = 649.312 ; free physical = 304 ; free virtual = 19539
---------------------------------------------------------------------------------
---------------------------------------------------------------------------------
Start Loading Part and Timing Information
---------------------------------------------------------------------------------
Loading part: xc7a35ticsg324-1L
---------------------------------------------------------------------------------
Finished Loading Part and Timing Information : Time (s): cpu = 00:00:08 ; elapsed = 00:00:08 . Memory (MB): peak = 2310.801 ; gain = 649.312 ; free physical = 304 ; free virtual = 19539
---------------------------------------------------------------------------------
---------------------------------------------------------------------------------
Start Applying 'set_property' XDC Constraints
---------------------------------------------------------------------------------
Applied set_property KEEP_HIERARCHY = SOFT for U0. (constraint file  /home/deulamco/Documents/echo_server/echo_server.runs/system_axi_uartlite_0_0_synth_1/dont_touch.xdc, line 9).
Applied set_property KEEP = true for rx. (constraint file  auto generated constraint).
Applied set_property KEEP = true for U0/UARTLITE_CORE_I/UARTLITE_TX_I/TX. (constraint file  auto generated constraint).
---------------------------------------------------------------------------------
Finished applying 'set_property' XDC Constraints : Time (s): cpu = 00:00:08 ; elapsed = 00:00:09 . Memory (MB): peak = 2310.801 ; gain = 649.312 ; free physical = 304 ; free virtual = 19539
---------------------------------------------------------------------------------
INFO: [Synth 8-802] inferred FSM for state register 'state_reg' in module 'slave_attachment'
---------------------------------------------------------------------------------------------------
                   State |                     New Encoding |                Previous Encoding 
---------------------------------------------------------------------------------------------------
                 sm_idle |                             0010 |                               00
                 sm_read |                             1000 |                               01
                sm_write |                             0100 |                               10
                 sm_resp |                             0001 |                               11
---------------------------------------------------------------------------------------------------
INFO: [Synth 8-3354] encoded FSM with state register 'state_reg' using encoding 'one-hot' in module 'slave_attachment'
---------------------------------------------------------------------------------
Finished RTL Optimization Phase 2 : Time (s): cpu = 00:00:08 ; elapsed = 00:00:09 . Memory (MB): peak = 2310.801 ; gain = 649.312 ; free physical = 332 ; free virtual = 19593
---------------------------------------------------------------------------------
---------------------------------------------------------------------------------
Start RTL Component Statistics 
---------------------------------------------------------------------------------
Detailed RTL Component Info : 
+---Adders : 
	   2 Input   10 Bit       Adders := 1     
	   3 Input    5 Bit       Adders := 2     
	   2 Input    3 Bit       Adders := 1     
+---Registers : 
	               32 Bit    Registers := 1     
	               16 Bit    Registers := 2     
	               10 Bit    Registers := 1     
	                5 Bit    Registers := 2     
	                4 Bit    Registers := 1     
	                3 Bit    Registers := 1     
	                2 Bit    Registers := 2     
	                1 Bit    Registers := 46    
+---Muxes : 
	   2 Input    8 Bit        Muxes := 2     
	   4 Input    4 Bit        Muxes := 1     
	   2 Input    4 Bit        Muxes := 6     
	   2 Input    3 Bit        Muxes := 1     
	   2 Input    2 Bit        Muxes := 2     
	   2 Input    1 Bit        Muxes := 70    
---------------------------------------------------------------------------------
Finished RTL Component Statistics 
---------------------------------------------------------------------------------
---------------------------------------------------------------------------------
Start Part Resource Summary
---------------------------------------------------------------------------------
Part Resources:
DSPs: 90 (col length:60)
BRAMs: 100 (col length: RAMB18 60 RAMB36 30)
---------------------------------------------------------------------------------
Finished Part Resource Summary
---------------------------------------------------------------------------------
---------------------------------------------------------------------------------
Start Cross Boundary and Area Optimization
---------------------------------------------------------------------------------
WARNING: [Synth 8-7080] Parallel synthesis criteria is not met
WARNING: [Synth 8-7129] Port s_axi_wdata[31] in module axi_uartlite is either unconnected or has no load
WARNING: [Synth 8-7129] Port s_axi_wdata[30] in module axi_uartlite is either unconnected or has no load
WARNING: [Synth 8-7129] Port s_axi_wdata[29] in module axi_uartlite is either unconnected or has no load
WARNING: [Synth 8-7129] Port s_axi_wdata[28] in module axi_uartlite is either unconnected or has no load
WARNING: [Synth 8-7129] Port s_axi_wdata[27] in module axi_uartlite is either unconnected or has no load
WARNING: [Synth 8-7129] Port s_axi_wdata[26] in module axi_uartlite is either unconnected or has no load
WARNING: [Synth 8-7129] Port s_axi_wdata[25] in module axi_uartlite is either unconnected or has no load
WARNING: [Synth 8-7129] Port s_axi_wdata[24] in module axi_uartlite is either unconnected or has no load
WARNING: [Synth 8-7129] Port s_axi_wdata[23] in module axi_uartlite is either unconnected or has no load
WARNING: [Synth 8-7129] Port s_axi_wdata[22] in module axi_uartlite is either unconnected or has no load
WARNING: [Synth 8-7129] Port s_axi_wdata[21] in module axi_uartlite is either unconnected or has no load
WARNING: [Synth 8-7129] Port s_axi_wdata[20] in module axi_uartlite is either unconnected or has no load
WARNING: [Synth 8-7129] Port s_axi_wdata[19] in module axi_uartlite is either unconnected or has no load
WARNING: [Synth 8-7129] Port s_axi_wdata[18] in module axi_uartlite is either unconnected or has no load
WARNING: [Synth 8-7129] Port s_axi_wdata[17] in module axi_uartlite is either unconnected or has no load
WARNING: [Synth 8-7129] Port s_axi_wdata[16] in module axi_uartlite is either unconnected or has no load
WARNING: [Synth 8-7129] Port s_axi_wdata[15] in module axi_uartlite is either unconnected or has no load
WARNING: [Synth 8-7129] Port s_axi_wdata[14] in module axi_uartlite is either unconnected or has no load
WARNING: [Synth 8-7129] Port s_axi_wdata[13] in module axi_uartlite is either unconnected or has no load
WARNING: [Synth 8-7129] Port s_axi_wdata[12] in module axi_uartlite is either unconnected or has no load
WARNING: [Synth 8-7129] Port s_axi_wdata[11] in module axi_uartlite is either unconnected or has no load
WARNING: [Synth 8-7129] Port s_axi_wdata[10] in module axi_uartlite is either unconnected or has no load
WARNING: [Synth 8-7129] Port s_axi_wdata[9] in module axi_uartlite is either unconnected or has no load
WARNING: [Synth 8-7129] Port s_axi_wdata[8] in module axi_uartlite is either unconnected or has no load
WARNING: [Synth 8-7129] Port s_axi_wstrb[3] in module axi_uartlite is either unconnected or has no load
WARNING: [Synth 8-7129] Port s_axi_wstrb[2] in module axi_uartlite is either unconnected or has no load
WARNING: [Synth 8-7129] Port s_axi_wstrb[1] in module axi_uartlite is either unconnected or has no load
WARNING: [Synth 8-7129] Port s_axi_wstrb[0] in module axi_uartlite is either unconnected or has no load
INFO: [Synth 8-3332] Sequential element (UARTLITE_CORE_I/UARTLITE_RX_I/INPUT_DOUBLE_REGS3/GENERATE_LEVEL_P_S_CDC.SINGLE_BIT.CROSS_PLEVEL_IN2SCNDRY_s_level_out_d5) is unused and will be removed from module axi_uartlite.
INFO: [Synth 8-3332] Sequential element (UARTLITE_CORE_I/UARTLITE_RX_I/INPUT_DOUBLE_REGS3/GENERATE_LEVEL_P_S_CDC.SINGLE_BIT.CROSS_PLEVEL_IN2SCNDRY_s_level_out_d6) is unused and will be removed from module axi_uartlite.
---------------------------------------------------------------------------------
Finished Cross Boundary and Area Optimization : Time (s): cpu = 00:00:09 ; elapsed = 00:00:10 . Memory (MB): peak = 2310.801 ; gain = 649.312 ; free physical = 242 ; free virtual = 19484
---------------------------------------------------------------------------------
---------------------------------------------------------------------------------
Start Applying XDC Timing Constraints
---------------------------------------------------------------------------------
---------------------------------------------------------------------------------
Finished Applying XDC Timing Constraints : Time (s): cpu = 00:00:11 ; elapsed = 00:00:12 . Memory (MB): peak = 2310.801 ; gain = 649.312 ; free physical = 338 ; free virtual = 19454
---------------------------------------------------------------------------------
---------------------------------------------------------------------------------
Start Timing Optimization
---------------------------------------------------------------------------------
---------------------------------------------------------------------------------
Finished Timing Optimization : Time (s): cpu = 00:00:11 ; elapsed = 00:00:12 . Memory (MB): peak = 2310.801 ; gain = 649.312 ; free physical = 338 ; free virtual = 19455
---------------------------------------------------------------------------------
---------------------------------------------------------------------------------
Start Technology Mapping
---------------------------------------------------------------------------------
---------------------------------------------------------------------------------
Finished Technology Mapping : Time (s): cpu = 00:00:12 ; elapsed = 00:00:12 . Memory (MB): peak = 2310.801 ; gain = 649.312 ; free physical = 338 ; free virtual = 19455
---------------------------------------------------------------------------------
---------------------------------------------------------------------------------
Start IO Insertion
---------------------------------------------------------------------------------
---------------------------------------------------------------------------------
Start Flattening Before IO Insertion
---------------------------------------------------------------------------------
---------------------------------------------------------------------------------
Finished Flattening Before IO Insertion
---------------------------------------------------------------------------------
---------------------------------------------------------------------------------
Start Final Netlist Cleanup
---------------------------------------------------------------------------------
---------------------------------------------------------------------------------
Finished Final Netlist Cleanup
---------------------------------------------------------------------------------
---------------------------------------------------------------------------------
Finished IO Insertion : Time (s): cpu = 00:00:14 ; elapsed = 00:00:14 . Memory (MB): peak = 2310.801 ; gain = 649.312 ; free physical = 847 ; free virtual = 19969
---------------------------------------------------------------------------------
---------------------------------------------------------------------------------
Start Renaming Generated Instances
---------------------------------------------------------------------------------
---------------------------------------------------------------------------------
Finished Renaming Generated Instances : Time (s): cpu = 00:00:14 ; elapsed = 00:00:14 . Memory (MB): peak = 2310.801 ; gain = 649.312 ; free physical = 847 ; free virtual = 19969
---------------------------------------------------------------------------------
---------------------------------------------------------------------------------
Start Rebuilding User Hierarchy
---------------------------------------------------------------------------------
---------------------------------------------------------------------------------
Finished Rebuilding User Hierarchy : Time (s): cpu = 00:00:14 ; elapsed = 00:00:14 . Memory (MB): peak = 2310.801 ; gain = 649.312 ; free physical = 847 ; free virtual = 19969
---------------------------------------------------------------------------------
---------------------------------------------------------------------------------
Start Renaming Generated Ports
---------------------------------------------------------------------------------
---------------------------------------------------------------------------------
Finished Renaming Generated Ports : Time (s): cpu = 00:00:14 ; elapsed = 00:00:14 . Memory (MB): peak = 2310.801 ; gain = 649.312 ; free physical = 850 ; free virtual = 19972
---------------------------------------------------------------------------------
---------------------------------------------------------------------------------
Start Handling Custom Attributes
---------------------------------------------------------------------------------
---------------------------------------------------------------------------------
Finished Handling Custom Attributes : Time (s): cpu = 00:00:14 ; elapsed = 00:00:14 . Memory (MB): peak = 2310.801 ; gain = 649.312 ; free physical = 850 ; free virtual = 19972
---------------------------------------------------------------------------------
---------------------------------------------------------------------------------
Start Renaming Generated Nets
---------------------------------------------------------------------------------
---------------------------------------------------------------------------------
Finished Renaming Generated Nets : Time (s): cpu = 00:00:14 ; elapsed = 00:00:14 . Memory (MB): peak = 2310.801 ; gain = 649.312 ; free physical = 850 ; free virtual = 19972
---------------------------------------------------------------------------------
---------------------------------------------------------------------------------
Start ROM, RAM, DSP, Shift Register and Retiming Reporting
---------------------------------------------------------------------------------

Static Shift Register Report:
+-------------+--------------------------------------------------+--------+-------+--------------+--------------------+-------------------+--------+---------+
|Module Name  | RTL Name                                         | Length | Width | Reset Signal | Pull out first Reg | Pull out last Reg | SRL16E | SRLC32E | 
+-------------+--------------------------------------------------+--------+-------+--------------+--------------------+-------------------+--------+---------+
|axi_uartlite | UARTLITE_CORE_I/UARTLITE_RX_I/data_shift_reg[15] | 16     | 1     | YES          | NO                 | YES               | 1      | 0       | 
|axi_uartlite | UARTLITE_CORE_I/UARTLITE_TX_I/data_shift_reg[15] | 15     | 1     | YES          | NO                 | YES               | 1      | 0       | 
+-------------+--------------------------------------------------+--------+-------+--------------+--------------------+-------------------+--------+---------+


Dynamic Shift Register Report:
+------------+---------------------------+--------+------------+--------+---------+--------+--------+--------+
|Module Name | RTL Name                  | Length | Data Width | SRL16E | SRLC32E | Mux F7 | Mux F8 | Mux F9 | 
+------------+---------------------------+--------+------------+--------+---------+--------+--------+--------+
|dsrl        | INFERRED_GEN.data_reg[15] | 8      | 8          | 8      | 0       | 0      | 0      | 0      | 
+------------+---------------------------+--------+------------+--------+---------+--------+--------+--------+

---------------------------------------------------------------------------------
Finished ROM, RAM, DSP, Shift Register and Retiming Reporting
---------------------------------------------------------------------------------
---------------------------------------------------------------------------------
Start Writing Synthesis Report
---------------------------------------------------------------------------------

Report BlackBoxes: 
+-+--------------+----------+
| |BlackBox name |Instances |
+-+--------------+----------+
+-+--------------+----------+

Report Cell Usage: 
+------+-------+------+
|      |Cell   |Count |
+------+-------+------+
|1     |LUT1   |     1|
|2     |LUT2   |    13|
|3     |LUT3   |    10|
|4     |LUT4   |    31|
|5     |LUT5   |    28|
|6     |LUT6   |    27|
|7     |MUXF7  |     1|
|8     |SRL16E |    18|
|9     |FDR    |     4|
|10    |FDRE   |    92|
|11    |FDSE   |    18|
+------+-------+------+
---------------------------------------------------------------------------------
Finished Writing Synthesis Report : Time (s): cpu = 00:00:14 ; elapsed = 00:00:14 . Memory (MB): peak = 2310.801 ; gain = 649.312 ; free physical = 850 ; free virtual = 19972
---------------------------------------------------------------------------------
Synthesis finished with 0 errors, 0 critical warnings and 29 warnings.
Synthesis Optimization Runtime : Time (s): cpu = 00:00:13 ; elapsed = 00:00:13 . Memory (MB): peak = 2310.801 ; gain = 508.527 ; free physical = 848 ; free virtual = 19970
Synthesis Optimization Complete : Time (s): cpu = 00:00:14 ; elapsed = 00:00:14 . Memory (MB): peak = 2310.801 ; gain = 649.312 ; free physical = 847 ; free virtual = 19969
INFO: [Project 1-571] Translating synthesized netlist
Netlist sorting complete. Time (s): cpu = 00:00:00.01 ; elapsed = 00:00:00 . Memory (MB): peak = 2310.801 ; gain = 0.000 ; free physical = 845 ; free virtual = 19967
INFO: [Netlist 29-17] Analyzing 5 Unisim elements for replacement
INFO: [Netlist 29-28] Unisim Transformation completed in 0 CPU seconds
INFO: [Project 1-570] Preparing netlist for logic optimization
INFO: [Opt 31-138] Pushed 0 inverter(s) to 0 load pin(s).
Netlist sorting complete. Time (s): cpu = 00:00:00 ; elapsed = 00:00:00 . Memory (MB): peak = 2310.801 ; gain = 0.000 ; free physical = 1101 ; free virtual = 20222
INFO: [Project 1-111] Unisim Transformation Summary:
  A total of 4 instances were transformed.
  FDR => FDRE: 4 instances

Synth Design complete | Checksum: f743e5a8
INFO: [Common 17-83] Releasing license: Synthesis
66 Infos, 74 Warnings, 0 Critical Warnings and 0 Errors encountered.
synth_design completed successfully
synth_design: Time (s): cpu = 00:00:18 ; elapsed = 00:00:16 . Memory (MB): peak = 2310.801 ; gain = 977.414 ; free physical = 1101 ; free virtual = 20222
INFO: [Common 17-2834] synth_design peak Physical Memory [PSS] (MB): overall = 1625.911; main = 1352.687; forked = 277.770
INFO: [Common 17-2834] synth_design peak Virtual Memory [VSS] (MB): overall = 3242.488; main = 2310.770; forked = 963.734
Write ShapeDB Complete: Time (s): cpu = 00:00:00 ; elapsed = 00:00:00 . Memory (MB): peak = 2334.777 ; gain = 0.000 ; free physical = 1101 ; free virtual = 20222
INFO: [Common 17-1381] The checkpoint '/home/deulamco/Documents/echo_server/echo_server.runs/system_axi_uartlite_0_0_synth_1/system_axi_uartlite_0_0.dcp' has been generated.
INFO: [Coretcl 2-1648] Added synthesis output to IP cache for IP system_axi_uartlite_0_0, cache-ID = 1e972c37401ee719
INFO: [Coretcl 2-1174] Renamed 19 cell refs.
Write ShapeDB Complete: Time (s): cpu = 00:00:00 ; elapsed = 00:00:00 . Memory (MB): peak = 2334.777 ; gain = 0.000 ; free physical = 1082 ; free virtual = 20205
INFO: [Common 17-1381] The checkpoint '/home/deulamco/Documents/echo_server/echo_server.runs/system_axi_uartlite_0_0_synth_1/system_axi_uartlite_0_0.dcp' has been generated.
INFO: [runtcl-4] Executing : report_utilization -file system_axi_uartlite_0_0_utilization_synth.rpt -pb system_axi_uartlite_0_0_utilization_synth.pb
INFO: [Common 17-206] Exiting Vivado at Wed May 22 08:15:55 2024...
