
*** Running vivado
    with args -log system_ilmb_v10_0.vds -m64 -product Vivado -mode batch -messageDb vivado.pb -notrace -source system_ilmb_v10_0.tcl


****** Vivado v2023.2 (64-bit)
  **** SW Build 4029153 on Fri Oct 13 20:13:54 MDT 2023
  **** IP Build 4028589 on Sat Oct 14 00:45:43 MDT 2023
  **** SharedData Build 4025554 on Tue Oct 10 17:18:54 MDT 2023
    ** Copyright 1986-2022 Xilinx, Inc. All Rights Reserved.
    ** Copyright 2022-2023 Advanced Micro Devices, Inc. All Rights Reserved.

source system_ilmb_v10_0.tcl -notrace
INFO: [IP_Flow 19-6924] IPCACHE: Running cache check for IP inst: system_ilmb_v10_0
Command: synth_design -top system_ilmb_v10_0 -part xc7a35ticsg324-1L -incremental_mode off -mode out_of_context
Starting synth_design
Attempting to get a license for feature 'Synthesis' and/or device 'xc7a35ti'
INFO: [Common 17-349] Got license for feature 'Synthesis' and/or device 'xc7a35ti'
INFO: [Device 21-403] Loading part xc7a35ticsg324-1L
INFO: [Synth 8-7079] Multithreading enabled for synth_design using a maximum of 4 processes.
INFO: [Synth 8-7078] Launching helper process for spawning children vivado processes
INFO: [Synth 8-7075] Helper process launched with PID 560794
---------------------------------------------------------------------------------
Starting RTL Elaboration : Time (s): cpu = 00:00:02 ; elapsed = 00:00:03 . Memory (MB): peak = 2066.016 ; gain = 402.746 ; free physical = 3527 ; free virtual = 22709
---------------------------------------------------------------------------------
INFO: [Synth 8-638] synthesizing module 'system_ilmb_v10_0' [/home/deulamco/Documents/echo_server/echo_server.gen/sources_1/bd/system/ip/system_ilmb_v10_0/synth/system_ilmb_v10_0.vhd:89]
	Parameter C_LMB_NUM_SLAVES bound to: 1 - type: integer 
	Parameter C_LMB_DWIDTH bound to: 32 - type: integer 
	Parameter C_LMB_AWIDTH bound to: 32 - type: integer 
	Parameter C_LMB_PROTOCOL bound to: 0 - type: integer 
	Parameter C_EXT_RESET_HIGH bound to: 1 - type: integer 
INFO: [Synth 8-3491] module 'lmb_v10' declared at '/home/deulamco/Documents/echo_server/echo_server.gen/sources_1/bd/system/ipshared/ae24/hdl/lmb_v10_v3_0_vh_rfs.vhd:91' bound to instance 'U0' of component 'lmb_v10' [/home/deulamco/Documents/echo_server/echo_server.gen/sources_1/bd/system/ip/system_ilmb_v10_0/synth/system_ilmb_v10_0.vhd:165]
INFO: [Synth 8-638] synthesizing module 'lmb_v10' [/home/deulamco/Documents/echo_server/echo_server.gen/sources_1/bd/system/ipshared/ae24/hdl/lmb_v10_v3_0_vh_rfs.vhd:140]
INFO: [Synth 8-3491] module 'FDS' declared at '/home/deulamco/AMD/Vivado/2023.2/scripts/rt/data/unisim_comp.v:41128' bound to instance 'POR_FF_I' of component 'FDS' [/home/deulamco/Documents/echo_server/echo_server.gen/sources_1/bd/system/ipshared/ae24/hdl/lmb_v10_v3_0_vh_rfs.vhd:170]
INFO: [Synth 8-6157] synthesizing module 'FDS' [/home/deulamco/AMD/Vivado/2023.2/scripts/rt/data/unisim_comp.v:41128]
INFO: [Synth 8-6155] done synthesizing module 'FDS' (0#1) [/home/deulamco/AMD/Vivado/2023.2/scripts/rt/data/unisim_comp.v:41128]
INFO: [Synth 8-256] done synthesizing module 'lmb_v10' (0#1) [/home/deulamco/Documents/echo_server/echo_server.gen/sources_1/bd/system/ipshared/ae24/hdl/lmb_v10_v3_0_vh_rfs.vhd:140]
INFO: [Synth 8-256] done synthesizing module 'system_ilmb_v10_0' (0#1) [/home/deulamco/Documents/echo_server/echo_server.gen/sources_1/bd/system/ip/system_ilmb_v10_0/synth/system_ilmb_v10_0.vhd:89]
---------------------------------------------------------------------------------
Finished RTL Elaboration : Time (s): cpu = 00:00:03 ; elapsed = 00:00:04 . Memory (MB): peak = 2146.953 ; gain = 483.684 ; free physical = 3065 ; free virtual = 22248
---------------------------------------------------------------------------------
---------------------------------------------------------------------------------
Start Handling Custom Attributes
---------------------------------------------------------------------------------
---------------------------------------------------------------------------------
Finished Handling Custom Attributes : Time (s): cpu = 00:00:03 ; elapsed = 00:00:04 . Memory (MB): peak = 2161.797 ; gain = 498.527 ; free physical = 3054 ; free virtual = 22236
---------------------------------------------------------------------------------
---------------------------------------------------------------------------------
Finished RTL Optimization Phase 1 : Time (s): cpu = 00:00:03 ; elapsed = 00:00:04 . Memory (MB): peak = 2161.797 ; gain = 498.527 ; free physical = 3054 ; free virtual = 22236
---------------------------------------------------------------------------------
Netlist sorting complete. Time (s): cpu = 00:00:00 ; elapsed = 00:00:00 . Memory (MB): peak = 2167.734 ; gain = 0.000 ; free physical = 3042 ; free virtual = 22224
INFO: [Netlist 29-17] Analyzing 1 Unisim elements for replacement
INFO: [Netlist 29-28] Unisim Transformation completed in 0 CPU seconds
INFO: [Project 1-570] Preparing netlist for logic optimization

Processing XDC Constraints
Initializing timing engine
Parsing XDC File [/home/deulamco/Documents/echo_server/echo_server.gen/sources_1/bd/system/ip/system_ilmb_v10_0/system_ilmb_v10_0_ooc.xdc] for cell 'U0'
Finished Parsing XDC File [/home/deulamco/Documents/echo_server/echo_server.gen/sources_1/bd/system/ip/system_ilmb_v10_0/system_ilmb_v10_0_ooc.xdc] for cell 'U0'
Parsing XDC File [/home/deulamco/Documents/echo_server/echo_server.runs/system_ilmb_v10_0_synth_1/dont_touch.xdc]
Finished Parsing XDC File [/home/deulamco/Documents/echo_server/echo_server.runs/system_ilmb_v10_0_synth_1/dont_touch.xdc]
Completed Processing XDC Constraints

Netlist sorting complete. Time (s): cpu = 00:00:00 ; elapsed = 00:00:00 . Memory (MB): peak = 2234.734 ; gain = 0.000 ; free physical = 2901 ; free virtual = 22083
INFO: [Project 1-111] Unisim Transformation Summary:
  A total of 1 instances were transformed.
  FDS => FDSE: 1 instance 

Constraint Validation Runtime : Time (s): cpu = 00:00:00.01 ; elapsed = 00:00:00.01 . Memory (MB): peak = 2234.770 ; gain = 0.000 ; free physical = 2901 ; free virtual = 22083
INFO: [Designutils 20-5008] Incremental synthesis strategy off
---------------------------------------------------------------------------------
Finished Constraint Validation : Time (s): cpu = 00:00:07 ; elapsed = 00:00:07 . Memory (MB): peak = 2234.770 ; gain = 571.500 ; free physical = 2684 ; free virtual = 21869
---------------------------------------------------------------------------------
---------------------------------------------------------------------------------
Start Loading Part and Timing Information
---------------------------------------------------------------------------------
Loading part: xc7a35ticsg324-1L
---------------------------------------------------------------------------------
Finished Loading Part and Timing Information : Time (s): cpu = 00:00:07 ; elapsed = 00:00:07 . Memory (MB): peak = 2234.770 ; gain = 571.500 ; free physical = 2684 ; free virtual = 21869
---------------------------------------------------------------------------------
---------------------------------------------------------------------------------
Start Applying 'set_property' XDC Constraints
---------------------------------------------------------------------------------
Applied set_property KEEP_HIERARCHY = SOFT for U0. (constraint file  /home/deulamco/Documents/echo_server/echo_server.runs/system_ilmb_v10_0_synth_1/dont_touch.xdc, line 9).
---------------------------------------------------------------------------------
Finished applying 'set_property' XDC Constraints : Time (s): cpu = 00:00:07 ; elapsed = 00:00:07 . Memory (MB): peak = 2234.770 ; gain = 571.500 ; free physical = 2684 ; free virtual = 21869
---------------------------------------------------------------------------------
---------------------------------------------------------------------------------
Finished RTL Optimization Phase 2 : Time (s): cpu = 00:00:07 ; elapsed = 00:00:07 . Memory (MB): peak = 2234.770 ; gain = 571.500 ; free physical = 2656 ; free virtual = 21843
---------------------------------------------------------------------------------
---------------------------------------------------------------------------------
Start RTL Component Statistics 
---------------------------------------------------------------------------------
Detailed RTL Component Info : 
---------------------------------------------------------------------------------
Finished RTL Component Statistics 
---------------------------------------------------------------------------------
---------------------------------------------------------------------------------
Start Part Resource Summary
---------------------------------------------------------------------------------
Part Resources:
DSPs: 90 (col length:60)
BRAMs: 100 (col length: RAMB18 60 RAMB36 30)
---------------------------------------------------------------------------------
Finished Part Resource Summary
---------------------------------------------------------------------------------
---------------------------------------------------------------------------------
Start Cross Boundary and Area Optimization
---------------------------------------------------------------------------------
WARNING: [Synth 8-7080] Parallel synthesis criteria is not met
---------------------------------------------------------------------------------
Finished Cross Boundary and Area Optimization : Time (s): cpu = 00:00:07 ; elapsed = 00:00:08 . Memory (MB): peak = 2234.770 ; gain = 571.500 ; free physical = 2574 ; free virtual = 21762
---------------------------------------------------------------------------------
---------------------------------------------------------------------------------
Start Applying XDC Timing Constraints
---------------------------------------------------------------------------------
---------------------------------------------------------------------------------
Finished Applying XDC Timing Constraints : Time (s): cpu = 00:00:09 ; elapsed = 00:00:10 . Memory (MB): peak = 2234.770 ; gain = 571.500 ; free physical = 3924 ; free virtual = 23114
---------------------------------------------------------------------------------
---------------------------------------------------------------------------------
Start Timing Optimization
---------------------------------------------------------------------------------
---------------------------------------------------------------------------------
Finished Timing Optimization : Time (s): cpu = 00:00:09 ; elapsed = 00:00:10 . Memory (MB): peak = 2234.770 ; gain = 571.500 ; free physical = 3924 ; free virtual = 23114
---------------------------------------------------------------------------------
---------------------------------------------------------------------------------
Start Technology Mapping
---------------------------------------------------------------------------------
---------------------------------------------------------------------------------
Finished Technology Mapping : Time (s): cpu = 00:00:09 ; elapsed = 00:00:10 . Memory (MB): peak = 2234.770 ; gain = 571.500 ; free physical = 3924 ; free virtual = 23114
---------------------------------------------------------------------------------
---------------------------------------------------------------------------------
Start IO Insertion
---------------------------------------------------------------------------------
---------------------------------------------------------------------------------
Start Flattening Before IO Insertion
---------------------------------------------------------------------------------
---------------------------------------------------------------------------------
Finished Flattening Before IO Insertion
---------------------------------------------------------------------------------
---------------------------------------------------------------------------------
Start Final Netlist Cleanup
---------------------------------------------------------------------------------
---------------------------------------------------------------------------------
Finished Final Netlist Cleanup
---------------------------------------------------------------------------------
---------------------------------------------------------------------------------
Finished IO Insertion : Time (s): cpu = 00:00:11 ; elapsed = 00:00:12 . Memory (MB): peak = 2234.770 ; gain = 571.500 ; free physical = 3365 ; free virtual = 22559
---------------------------------------------------------------------------------
---------------------------------------------------------------------------------
Start Renaming Generated Instances
---------------------------------------------------------------------------------
---------------------------------------------------------------------------------
Finished Renaming Generated Instances : Time (s): cpu = 00:00:11 ; elapsed = 00:00:12 . Memory (MB): peak = 2234.770 ; gain = 571.500 ; free physical = 3365 ; free virtual = 22559
---------------------------------------------------------------------------------
---------------------------------------------------------------------------------
Start Rebuilding User Hierarchy
---------------------------------------------------------------------------------
---------------------------------------------------------------------------------
Finished Rebuilding User Hierarchy : Time (s): cpu = 00:00:11 ; elapsed = 00:00:12 . Memory (MB): peak = 2234.770 ; gain = 571.500 ; free physical = 3365 ; free virtual = 22559
---------------------------------------------------------------------------------
---------------------------------------------------------------------------------
Start Renaming Generated Ports
---------------------------------------------------------------------------------
---------------------------------------------------------------------------------
Finished Renaming Generated Ports : Time (s): cpu = 00:00:11 ; elapsed = 00:00:12 . Memory (MB): peak = 2234.770 ; gain = 571.500 ; free physical = 3365 ; free virtual = 22559
---------------------------------------------------------------------------------
---------------------------------------------------------------------------------
Start Handling Custom Attributes
---------------------------------------------------------------------------------
---------------------------------------------------------------------------------
Finished Handling Custom Attributes : Time (s): cpu = 00:00:11 ; elapsed = 00:00:12 . Memory (MB): peak = 2234.770 ; gain = 571.500 ; free physical = 3365 ; free virtual = 22559
---------------------------------------------------------------------------------
---------------------------------------------------------------------------------
Start Renaming Generated Nets
---------------------------------------------------------------------------------
---------------------------------------------------------------------------------
Finished Renaming Generated Nets : Time (s): cpu = 00:00:11 ; elapsed = 00:00:12 . Memory (MB): peak = 2234.770 ; gain = 571.500 ; free physical = 3365 ; free virtual = 22559
---------------------------------------------------------------------------------
---------------------------------------------------------------------------------
Start Writing Synthesis Report
---------------------------------------------------------------------------------

Report BlackBoxes: 
+-+--------------+----------+
| |BlackBox name |Instances |
+-+--------------+----------+
+-+--------------+----------+

Report Cell Usage: 
+------+-----+------+
|      |Cell |Count |
+------+-----+------+
|1     |FDS  |     1|
+------+-----+------+
---------------------------------------------------------------------------------
Finished Writing Synthesis Report : Time (s): cpu = 00:00:11 ; elapsed = 00:00:12 . Memory (MB): peak = 2234.770 ; gain = 571.500 ; free physical = 3365 ; free virtual = 22559
---------------------------------------------------------------------------------
Synthesis finished with 0 errors, 0 critical warnings and 1 warnings.
Synthesis Optimization Runtime : Time (s): cpu = 00:00:11 ; elapsed = 00:00:11 . Memory (MB): peak = 2234.770 ; gain = 498.527 ; free physical = 3272 ; free virtual = 22466
Synthesis Optimization Complete : Time (s): cpu = 00:00:12 ; elapsed = 00:00:12 . Memory (MB): peak = 2234.770 ; gain = 571.500 ; free physical = 3272 ; free virtual = 22466
INFO: [Project 1-571] Translating synthesized netlist
Netlist sorting complete. Time (s): cpu = 00:00:00 ; elapsed = 00:00:00 . Memory (MB): peak = 2234.770 ; gain = 0.000 ; free physical = 3272 ; free virtual = 22466
INFO: [Netlist 29-17] Analyzing 1 Unisim elements for replacement
INFO: [Netlist 29-28] Unisim Transformation completed in 0 CPU seconds
INFO: [Project 1-570] Preparing netlist for logic optimization
INFO: [Opt 31-138] Pushed 0 inverter(s) to 0 load pin(s).
Netlist sorting complete. Time (s): cpu = 00:00:00 ; elapsed = 00:00:00 . Memory (MB): peak = 2234.770 ; gain = 0.000 ; free physical = 3337 ; free virtual = 22531
INFO: [Project 1-111] Unisim Transformation Summary:
  A total of 1 instances were transformed.
  FDS => FDSE: 1 instance 

Synth Design complete | Checksum: d0ca3f80
INFO: [Common 17-83] Releasing license: Synthesis
26 Infos, 1 Warnings, 0 Critical Warnings and 0 Errors encountered.
synth_design completed successfully
synth_design: Time (s): cpu = 00:00:15 ; elapsed = 00:00:14 . Memory (MB): peak = 2234.770 ; gain = 901.570 ; free physical = 3337 ; free virtual = 22531
INFO: [Common 17-2834] synth_design peak Physical Memory [PSS] (MB): overall = 1629.145; main = 1319.825; forked = 309.319
INFO: [Common 17-2834] synth_design peak Virtual Memory [VSS] (MB): overall = 3196.172; main = 2202.723; forked = 993.449
INFO: [Common 17-1381] The checkpoint '/home/deulamco/Documents/echo_server/echo_server.runs/system_ilmb_v10_0_synth_1/system_ilmb_v10_0.dcp' has been generated.
INFO: [Coretcl 2-1648] Added synthesis output to IP cache for IP system_ilmb_v10_0, cache-ID = 6218c817159d2117
INFO: [Common 17-1381] The checkpoint '/home/deulamco/Documents/echo_server/echo_server.runs/system_ilmb_v10_0_synth_1/system_ilmb_v10_0.dcp' has been generated.
INFO: [runtcl-4] Executing : report_utilization -file system_ilmb_v10_0_utilization_synth.rpt -pb system_ilmb_v10_0_utilization_synth.pb
INFO: [Common 17-206] Exiting Vivado at Wed May 22 08:16:27 2024...
